[ERROR] getaddrinfo ENOTFOUND api.covid19api.com at Mon Nov 24 2025 22:39:38 GMT+0300 (East Africa Time)
[ERROR] getaddrinfo ENOTFOUND api.covid19api.com at Mon Nov 24 2025 22:39:42 GMT+0300 (East Africa Time)
[ERROR] getaddrinfo ENOTFOUND api.covid19api.com at Mon Nov 24 2025 22:40:25 GMT+0300 (East Africa Time)
[ERROR] getaddrinfo ENOTFOUND api.covid19api.com at Mon Nov 24 2025 22:44:45 GMT+0300 (East Africa Time)
[SUCCESS] Data fetched at Mon Nov 24 2025 22:52:28 GMT+0300 (East Africa Time)
[SUCCESS] Data fetched at Mon Nov 24 2025 22:56:50 GMT+0300 (East Africa Time)
[SUCCESS] Data fetched at Mon Nov 24 2025 23:01:20 GMT+0300 (East Africa Time)
[SUCCESS] Data fetched at Mon Nov 24 2025 23:01:24 GMT+0300 (East Africa Time)
[SUCCESS] Data fetched at Mon Nov 24 2025 23:03:24 GMT+0300 (East Africa Time)
[SUCCESS] Data fetched at Mon Nov 24 2025 23:30:12 GMT+0300 (East Africa Time)
[SUCCESS] Data fetched at Tue Nov 25 2025 13:11:55 GMT+0300 (East Africa Time)
[SUCCESS] Data fetched at Tue Nov 25 2025 13:11:56 GMT+0300 (East Africa Time)
[SUCCESS] Data fetched at Tue Nov 25 2025 13:11:56 GMT+0300 (East Africa Time)
[SUCCESS] Data fetched at Tue Nov 25 2025 13:11:58 GMT+0300 (East Africa Time)
[SUCCESS] Data fetched at Wed Nov 26 2025 15:26:21 GMT+0300 (East Africa Time)
[ERROR] read ECONNRESET at Wed Nov 26 2025 16:30:08 GMT+0300 (East Africa Time)
[SUCCESS] Data fetched at Wed Nov 26 2025 16:31:58 GMT+0300 (East Africa Time)
[SUCCESS] Data fetched at Wed Nov 26 2025 20:56:01 GMT+0300 (East Africa Time)
[SUCCESS] Data fetched at Thu Nov 27 2025 19:53:41 GMT+0300 (East Africa Time)
[SUCCESS] Data fetched at Thu Nov 27 2025 19:59:58 GMT+0300 (East Africa Time)
[SUCCESS] Data fetched at Thu Nov 27 2025 20:01:02 GMT+0300 (East Africa Time)
